<?xml version="1.0" encoding="UTF-8"?>
<!-- Generated by org.testng.reporters.JUnitReportReporter -->
<testsuite hostname="LAPTOP-B8TJUCIE" failures="0" tests="20" name="AutoamtionTesting.OtsPortalWindowHandles" time="131.589" errors="0" timestamp="2023-04-14T16:14:37 IST" skipped="0">
  <testcase classname="AutoamtionTesting.OtsPortalWindowHandles" name="ots" time="6.330"/>
  <system-out/>
  <testcase classname="AutoamtionTesting.OtsPortalWindowHandles" name="ots" time="7.181"/>
  <system-out/>
  <testcase classname="AutoamtionTesting.OtsPortalWindowHandles" name="ots" time="4.114"/>
  <system-out/>
  <testcase classname="AutoamtionTesting.OtsPortalWindowHandles" name="ots" time="5.757"/>
  <system-out/>
  <testcase classname="AutoamtionTesting.OtsPortalWindowHandles" name="ots" time="8.202"/>
  <system-out/>
  <testcase classname="AutoamtionTesting.OtsPortalWindowHandles" name="ots" time="7.129"/>
  <system-out/>
  <testcase classname="AutoamtionTesting.OtsPortalWindowHandles" name="ots" time="4.358"/>
  <system-out/>
  <testcase classname="AutoamtionTesting.OtsPortalWindowHandles" name="ots" time="7.534"/>
  <system-out/>
  <testcase classname="AutoamtionTesting.OtsPortalWindowHandles" name="ots" time="8.432"/>
  <system-out/>
  <testcase classname="AutoamtionTesting.OtsPortalWindowHandles" name="ots" time="9.491"/>
  <system-out/>
  <testcase classname="AutoamtionTesting.OtsPortalWindowHandles" name="ots" time="6.312"/>
  <system-out/>
  <testcase classname="AutoamtionTesting.OtsPortalWindowHandles" name="ots" time="4.214"/>
  <system-out/>
  <testcase classname="AutoamtionTesting.OtsPortalWindowHandles" name="ots" time="8.569"/>
  <system-out/>
  <testcase classname="AutoamtionTesting.OtsPortalWindowHandles" name="ots" time="8.312"/>
  <system-out/>
  <testcase classname="AutoamtionTesting.OtsPortalWindowHandles" name="ots" time="6.259"/>
  <system-out/>
  <testcase classname="AutoamtionTesting.OtsPortalWindowHandles" name="ots" time="8.166"/>
  <system-out/>
  <testcase classname="AutoamtionTesting.OtsPortalWindowHandles" name="ots" time="5.901"/>
  <system-out/>
  <testcase classname="AutoamtionTesting.OtsPortalWindowHandles" name="ots" time="5.730"/>
  <system-out/>
  <testcase classname="AutoamtionTesting.OtsPortalWindowHandles" name="ots" time="5.269"/>
  <system-out/>
  <testcase classname="AutoamtionTesting.OtsPortalWindowHandles" name="ots" time="4.329"/>
  <system-out/>
</testsuite> <!-- AutoamtionTesting.OtsPortalWindowHandles -->
